# JRE version: Java(TM) SE Runtime Environment (8.0_152-b16) (build 1.8.0_152-b16)
# Java VM: Java HotSpot(TM) 64-Bit Server VM (25.152-b16 mixed mode windows-amd64 compressed oops)
Heap:
 PSYoungGen      total 111104K, used 22009K [0x00000000ed980000, 0x00000000f6000000, 0x0000000100000000)
  eden space 109568K, 20% used [0x00000000ed980000,0x00000000eeefe440,0x00000000f4480000)
  from space 1536K, 0% used [0x00000000f5080000,0x00000000f5080000,0x00000000f5200000)
  to   space 12288K, 0% used [0x00000000f4480000,0x00000000f4480000,0x00000000f5080000)
 ParOldGen       total 68096K, used 21252K [0x00000000c8c00000, 0x00000000cce80000, 0x00000000ed980000)
  object space 68096K, 31% used [0x00000000c8c00000,0x00000000ca0c1190,0x00000000cce80000)
 Metaspace       used 36200K, capacity 37794K, committed 38144K, reserved 1083392K
  class space    used 4710K, capacity 5037K, committed 5120K, reserved 1048576K
GC Heap History (10 events):
Event: 3.365 GC heap before
{Heap before GC invocations=8 (full 1):
 PSYoungGen      total 64512K, used 2930K [0x00000000ed980000, 0x00000000f5780000, 0x0000000100000000)
  eden space 58368K, 0% used [0x00000000ed980000,0x00000000ed980000,0x00000000f1280000)
  from space 6144K, 47% used [0x00000000f1280000,0x00000000f155c880,0x00000000f1880000)
  to   space 6144K, 0% used [0x00000000f5180000,0x00000000f5180000,0x00000000f5780000)
 ParOldGen       total 38400K, used 9948K [0x00000000c8c00000, 0x00000000cb180000, 0x00000000ed980000)
  object space 38400K, 25% used [0x00000000c8c00000,0x00000000c95b70f0,0x00000000cb180000)
 Metaspace       used 20648K, capacity 21170K, committed 21296K, reserved 1067008K
  class space    used 2707K, capacity 2866K, committed 2944K, reserved 1048576K
Event: 3.558 GC heap after
Heap after GC invocations=8 (full 1):
 PSYoungGen      total 64512K, used 0K [0x00000000ed980000, 0x00000000f5780000, 0x0000000100000000)
  eden space 58368K, 0% used [0x00000000ed980000,0x00000000ed980000,0x00000000f1280000)
  from space 6144K, 0% used [0x00000000f1280000,0x00000000f1280000,0x00000000f1880000)
  to   space 6144K, 0% used [0x00000000f5180000,0x00000000f5180000,0x00000000f5780000)
 ParOldGen       total 36864K, used 10202K [0x00000000c8c00000, 0x00000000cb000000, 0x00000000ed980000)
  object space 36864K, 27% used [0x00000000c8c00000,0x00000000c95f6ad0,0x00000000cb000000)
 Metaspace       used 20648K, capacity 21170K, committed 21296K, reserved 1067008K
  class space    used 2707K, capacity 2866K, committed 2944K, reserved 1048576K
}
Event: 5.474 GC heap before
{Heap before GC invocations=9 (full 1):
 PSYoungGen      total 64512K, used 58368K [0x00000000ed980000, 0x00000000f5780000, 0x0000000100000000)
  eden space 58368K, 100% used [0x00000000ed980000,0x00000000f1280000,0x00000000f1280000)
  from space 6144K, 0% used [0x00000000f1280000,0x00000000f1280000,0x00000000f1880000)
  to   space 6144K, 0% used [0x00000000f5180000,0x00000000f5180000,0x00000000f5780000)
 ParOldGen       total 36864K, used 10202K [0x00000000c8c00000, 0x00000000cb000000, 0x00000000ed980000)
  object space 36864K, 27% used [0x00000000c8c00000,0x00000000c95f6ad0,0x00000000cb000000)
 Metaspace       used 23553K, capacity 24352K, committed 24704K, reserved 1071104K
  class space    used 3117K, capacity 3332K, committed 3456K, reserved 1048576K
Event: 5.497 GC heap after
Heap after GC invocations=9 (full 1):
 PSYoungGen      total 86016K, used 5531K [0x00000000ed980000, 0x00000000f5700000, 0x0000000100000000)
  eden space 80384K, 0% used [0x00000000ed980000,0x00000000ed980000,0x00000000f2800000)
  from space 5632K, 98% used [0x00000000f5180000,0x00000000f56e6d28,0x00000000f5700000)
  to   space 6656K, 0% used [0x00000000f4a00000,0x00000000f4a00000,0x00000000f5080000)
 ParOldGen       total 36864K, used 10210K [0x00000000c8c00000, 0x00000000cb000000, 0x00000000ed980000)
  object space 36864K, 27% used [0x00000000c8c00000,0x00000000c95f8ad0,0x00000000cb000000)
 Metaspace       used 23553K, capacity 24352K, committed 24704K, reserved 1071104K
  class space    used 3117K, capacity 3332K, committed 3456K, reserved 1048576K
}
Event: 7.951 GC heap before
{Heap before GC invocations=10 (full 1):
 PSYoungGen      total 86016K, used 85915K [0x00000000ed980000, 0x00000000f5700000, 0x0000000100000000)
  eden space 80384K, 100% used [0x00000000ed980000,0x00000000f2800000,0x00000000f2800000)
  from space 5632K, 98% used [0x00000000f5180000,0x00000000f56e6d28,0x00000000f5700000)
  to   space 6656K, 0% used [0x00000000f4a00000,0x00000000f4a00000,0x00000000f5080000)
 ParOldGen       total 36864K, used 10210K [0x00000000c8c00000, 0x00000000cb000000, 0x00000000ed980000)
  object space 36864K, 27% used [0x00000000c8c00000,0x00000000c95f8ad0,0x00000000cb000000)
 Metaspace       used 27627K, capacity 28614K, committed 28928K, reserved 1075200K
  class space    used 3728K, capacity 3977K, committed 4096K, reserved 1048576K
Event: 7.966 GC heap after
Heap after GC invocations=10 (full 1):
 PSYoungGen      total 102912K, used 6633K [0x00000000ed980000, 0x00000000f5200000, 0x0000000100000000)
  eden space 96256K, 0% used [0x00000000ed980000,0x00000000ed980000,0x00000000f3780000)
  from space 6656K, 99% used [0x00000000f4a00000,0x00000000f507a518,0x00000000f5080000)
  to   space 1536K, 0% used [0x00000000f5080000,0x00000000f5080000,0x00000000f5200000)
 ParOldGen       total 36864K, used 12646K [0x00000000c8c00000, 0x00000000cb000000, 0x00000000ed980000)
  object space 36864K, 34% used [0x00000000c8c00000,0x00000000c9859aa0,0x00000000cb000000)
 Metaspace       used 27627K, capacity 28614K, committed 28928K, reserved 1075200K
  class space    used 3728K, capacity 3977K, committed 4096K, reserved 1048576K
}
Event: 10.252 GC heap before
{Heap before GC invocations=11 (full 1):
 PSYoungGen      total 102912K, used 92425K [0x00000000ed980000, 0x00000000f5200000, 0x0000000100000000)
  eden space 96256K, 89% used [0x00000000ed980000,0x00000000f2d47f10,0x00000000f3780000)
  from space 6656K, 99% used [0x00000000f4a00000,0x00000000f507a518,0x00000000f5080000)
  to   space 1536K, 0% used [0x00000000f5080000,0x00000000f5080000,0x00000000f5200000)
 ParOldGen       total 36864K, used 12646K [0x00000000c8c00000, 0x00000000cb000000, 0x00000000ed980000)
  object space 36864K, 34% used [0x00000000c8c00000,0x00000000c9859aa0,0x00000000cb000000)
 Metaspace       used 33760K, capacity 35270K, committed 35456K, reserved 1079296K
  class space    used 4534K, capacity 4867K, committed 4992K, reserved 1048576K
Event: 10.274 GC heap after
Heap after GC invocations=11 (full 1):
 PSYoungGen      total 111104K, used 1520K [0x00000000ed980000, 0x00000000f6000000, 0x0000000100000000)
  eden space 109568K, 0% used [0x00000000ed980000,0x00000000ed980000,0x00000000f4480000)
  from space 1536K, 98% used [0x00000000f5080000,0x00000000f51fc190,0x00000000f5200000)
  to   space 12288K, 0% used [0x00000000f4480000,0x00000000f4480000,0x00000000f5080000)
 ParOldGen       total 36864K, used 27630K [0x00000000c8c00000, 0x00000000cb000000, 0x00000000ed980000)
  object space 36864K, 74% used [0x00000000c8c00000,0x00000000ca6fbb30,0x00000000cb000000)
 Metaspace       used 33760K, capacity 35270K, committed 35456K, reserved 1079296K
  class space    used 4534K, capacity 4867K, committed 4992K, reserved 1048576K
}
Event: 10.274 GC heap before
{Heap before GC invocations=12 (full 2):
 PSYoungGen      total 111104K, used 1520K [0x00000000ed980000, 0x00000000f6000000, 0x0000000100000000)
  eden space 109568K, 0% used [0x00000000ed980000,0x00000000ed980000,0x00000000f4480000)
  from space 1536K, 98% used [0x00000000f5080000,0x00000000f51fc190,0x00000000f5200000)
  to   space 12288K, 0% used [0x00000000f4480000,0x00000000f4480000,0x00000000f5080000)
 ParOldGen       total 36864K, used 27630K [0x00000000c8c00000, 0x00000000cb000000, 0x00000000ed980000)
  object space 36864K, 74% used [0x00000000c8c00000,0x00000000ca6fbb30,0x00000000cb000000)
 Metaspace       used 33760K, capacity 35270K, committed 35456K, reserved 1079296K
  class space    used 4534K, capacity 4867K, committed 4992K, reserved 1048576K
Event: 10.389 GC heap after
Heap after GC invocations=12 (full 2):
 PSYoungGen      total 111104K, used 0K [0x00000000ed980000, 0x00000000f6000000, 0x0000000100000000)
  eden space 109568K, 0% used [0x00000000ed980000,0x00000000ed980000,0x00000000f4480000)
  from space 1536K, 0% used [0x00000000f5080000,0x00000000f5080000,0x00000000f5200000)
  to   space 12288K, 0% used [0x00000000f4480000,0x00000000f4480000,0x00000000f5080000)
 ParOldGen       total 68096K, used 21252K [0x00000000c8c00000, 0x00000000cce80000, 0x00000000ed980000)
  object space 68096K, 31% used [0x00000000c8c00000,0x00000000ca0c1190,0x00000000cce80000)
 Metaspace       used 33760K, capacity 35270K, committed 35456K, reserved 1079296K
  class space    used 4534K, capacity 4867K, committed 4992K, reserved 1048576K
}

